Time slot   0
ld_routine
        Loaded a process at input/proc/P0, PID: 1 PRIO: 10
Time slot   1
        CPU 0: Dispatched process  1
Time slot   2
        Loaded a process at input/proc/P0, PID: 2 PRIO: 10
Time slot   3
        CPU 0: Put process  1 to run queue
        CPU 0: Dispatched process  2
Time slot   4
        Loaded a process at input/proc/P0, PID: 3 PRIO: 10
Time slot   5
        CPU 0: Put process  2 to run queue
        CPU 0: Dispatched process  1
Time slot   6
Time slot   7
        CPU 0: Put process  1 to run queue
        CPU 0: Dispatched process  3
Time slot   8
Time slot   9
        CPU 0: Put process  3 to run queue
        CPU 0: Dispatched process  2
Time slot  10
        Loaded a process at input/proc/sc2, PID: 4 PRIO: 5
Time slot  11
        CPU 0: Put process  2 to run queue
        CPU 0: Dispatched process  4
Time slot  12
write region=1 offset=0 value=80
print_pgtbl: 0 - 256
00000000: 80000000
Time slot  13
        CPU 0: Put process  4 to run queue
        CPU 0: Dispatched process  4
write region=1 offset=1 value=48
print_pgtbl: 0 - 256
00000000: 80000000
00000000: 00000050
Time slot  14
write region=1 offset=2 value=-1
print_pgtbl: 0 - 256
00000000: 80000000
00000000: 00003050
Time slot  15
        CPU 0: Put process  4 to run queue
        CPU 0: Dispatched process  4
libsyscall: (null)
Syscall handler: nr=101
-------sys_killall excuted-------
read region=1 offset=0 value=80
print_pgtbl: 0 - 256
00000000: 80000000
00000000: 00ff3050
read region=1 offset=1 value=48
print_pgtbl: 0 - 256
00000000: 80000000
00000000: 00ff3050
read region=1 offset=2 value=-1
print_pgtbl: 0 - 256
00000000: 80000000
00000000: 00ff3050
The procname retrieved from memregionid 1 is "P0"
Checking process PID: 1 with path: "input/proc/P0"
Terminating running process with PID: 1 - name: "P0"
Checking process PID: 3 with path: "input/proc/P0"
Terminating running process with PID: 3 - name: "P0"
Checking process PID: 2 with path: "input/proc/P0"
Terminating running process with PID: 2 - name: "P0"
Terminated 3 processes with name: "P0"
Time slot  16
        CPU 0: Processed  4 has finished
        CPU 0 stopped